RealTimeSTT: root - ERROR - Unhandled exeption in _realtime_worker: max() arg is an empty sequence
RealTimeSTT: root - DEBUG - Explicitly setting the multiprocessing start method to 'spawn'
RealTimeSTT: root - DEBUG - Start method has already been set. Details: context has already been set
RealTimeSTT: root - INFO - Starting RealTimeSTT
RealTimeSTT: root - INFO - Initializing audio recording (creating pyAudio input stream, sample rate: 16000 buffer size: 512
RealTimeSTT: root - INFO - Initializing faster_whisper realtime transcription model base
RealTimeSTT: urllib3.connectionpool - DEBUG - Starting new HTTPS connection (1): huggingface.co:443
RealTimeSTT: urllib3.connectionpool - DEBUG - https://huggingface.co:443 "GET /api/models/Systran/faster-whisper-base/revision/main HTTP/11" 200 1848
RealTimeSTT: root - DEBUG - Faster_whisper realtime speech to text transcription model initialized successfully
RealTimeSTT: root - DEBUG - Porcupine wake word detection engine initialized successfully
RealTimeSTT: root - INFO - Initializing WebRTC voice with Sensitivity 3
RealTimeSTT: root - DEBUG - WebRTC VAD voice activity detection engine initialized successfully
RealTimeSTT: torio._extension.utils - DEBUG - Loading FFmpeg6
RealTimeSTT: torio._extension.utils - DEBUG - Failed to load FFmpeg6 extension.
Traceback (most recent call last):
  File "D:\Softwares\Anaconda\envs\dev\lib\site-packages\torio\_extension\utils.py", line 116, in _find_ffmpeg_extension
    ext = _find_versionsed_ffmpeg_extension(ffmpeg_ver)
  File "D:\Softwares\Anaconda\envs\dev\lib\site-packages\torio\_extension\utils.py", line 108, in _find_versionsed_ffmpeg_extension
    _load_lib(lib)
  File "D:\Softwares\Anaconda\envs\dev\lib\site-packages\torio\_extension\utils.py", line 94, in _load_lib
    torch.ops.load_library(path)
  File "D:\Softwares\Anaconda\envs\dev\lib\site-packages\torch\_ops.py", line 1032, in load_library
    ctypes.CDLL(path)
  File "D:\Softwares\Anaconda\envs\dev\lib\ctypes\__init__.py", line 374, in __init__
    self._handle = _dlopen(self._name, mode)
FileNotFoundError: Could not find module 'D:\Softwares\Anaconda\envs\dev\Lib\site-packages\torio\lib\libtorio_ffmpeg6.pyd' (or one of its dependencies). Try using the full path with constructor syntax.
RealTimeSTT: torio._extension.utils - DEBUG - Loading FFmpeg5
RealTimeSTT: torio._extension.utils - DEBUG - Failed to load FFmpeg5 extension.
Traceback (most recent call last):
  File "D:\Softwares\Anaconda\envs\dev\lib\site-packages\torio\_extension\utils.py", line 116, in _find_ffmpeg_extension
    ext = _find_versionsed_ffmpeg_extension(ffmpeg_ver)
  File "D:\Softwares\Anaconda\envs\dev\lib\site-packages\torio\_extension\utils.py", line 108, in _find_versionsed_ffmpeg_extension
    _load_lib(lib)
  File "D:\Softwares\Anaconda\envs\dev\lib\site-packages\torio\_extension\utils.py", line 94, in _load_lib
    torch.ops.load_library(path)
  File "D:\Softwares\Anaconda\envs\dev\lib\site-packages\torch\_ops.py", line 1032, in load_library
    ctypes.CDLL(path)
  File "D:\Softwares\Anaconda\envs\dev\lib\ctypes\__init__.py", line 374, in __init__
    self._handle = _dlopen(self._name, mode)
FileNotFoundError: Could not find module 'D:\Softwares\Anaconda\envs\dev\Lib\site-packages\torio\lib\libtorio_ffmpeg5.pyd' (or one of its dependencies). Try using the full path with constructor syntax.
RealTimeSTT: torio._extension.utils - DEBUG - Loading FFmpeg4
RealTimeSTT: torio._extension.utils - DEBUG - Failed to load FFmpeg4 extension.
Traceback (most recent call last):
  File "D:\Softwares\Anaconda\envs\dev\lib\site-packages\torio\_extension\utils.py", line 116, in _find_ffmpeg_extension
    ext = _find_versionsed_ffmpeg_extension(ffmpeg_ver)
  File "D:\Softwares\Anaconda\envs\dev\lib\site-packages\torio\_extension\utils.py", line 108, in _find_versionsed_ffmpeg_extension
    _load_lib(lib)
  File "D:\Softwares\Anaconda\envs\dev\lib\site-packages\torio\_extension\utils.py", line 94, in _load_lib
    torch.ops.load_library(path)
  File "D:\Softwares\Anaconda\envs\dev\lib\site-packages\torch\_ops.py", line 1032, in load_library
    ctypes.CDLL(path)
  File "D:\Softwares\Anaconda\envs\dev\lib\ctypes\__init__.py", line 374, in __init__
    self._handle = _dlopen(self._name, mode)
FileNotFoundError: Could not find module 'D:\Softwares\Anaconda\envs\dev\Lib\site-packages\torio\lib\libtorio_ffmpeg4.pyd' (or one of its dependencies). Try using the full path with constructor syntax.
RealTimeSTT: torio._extension.utils - DEBUG - Loading FFmpeg
RealTimeSTT: torio._extension.utils - DEBUG - Failed to load FFmpeg extension.
Traceback (most recent call last):
  File "D:\Softwares\Anaconda\envs\dev\lib\site-packages\torio\_extension\utils.py", line 116, in _find_ffmpeg_extension
    ext = _find_versionsed_ffmpeg_extension(ffmpeg_ver)
  File "D:\Softwares\Anaconda\envs\dev\lib\site-packages\torio\_extension\utils.py", line 106, in _find_versionsed_ffmpeg_extension
    raise RuntimeError(f"FFmpeg{version} extension is not available.")
RuntimeError: FFmpeg extension is not available.
RealTimeSTT: root - DEBUG - Silero VAD voice activity detection engine initialized successfully
RealTimeSTT: root - DEBUG - Starting recording worker
RealTimeSTT: root - DEBUG - Starting realtime worker
RealTimeSTT: root - DEBUG - Waiting for main transcription model to start
RealTimeSTT: root - DEBUG - Main transcription model ready
RealTimeSTT: root - DEBUG - RealtimeSTT initialization completed successfully
RealTimeSTT: root - DEBUG - Explicitly setting the multiprocessing start method to 'spawn'
RealTimeSTT: root - DEBUG - Start method has already been set. Details: context has already been set
RealTimeSTT: root - INFO - Starting RealTimeSTT
RealTimeSTT: root - INFO - Initializing audio recording (creating pyAudio input stream, sample rate: 16000 buffer size: 512
RealTimeSTT: root - INFO - Initializing faster_whisper realtime transcription model base
RealTimeSTT: urllib3.connectionpool - DEBUG - Starting new HTTPS connection (1): huggingface.co:443
RealTimeSTT: urllib3.connectionpool - DEBUG - https://huggingface.co:443 "GET /api/models/Systran/faster-whisper-base/revision/main HTTP/11" 200 1848
RealTimeSTT: root - DEBUG - Faster_whisper realtime speech to text transcription model initialized successfully
RealTimeSTT: root - DEBUG - Porcupine wake word detection engine initialized successfully
RealTimeSTT: root - INFO - Initializing WebRTC voice with Sensitivity 3
RealTimeSTT: root - DEBUG - WebRTC VAD voice activity detection engine initialized successfully
RealTimeSTT: torio._extension.utils - DEBUG - Loading FFmpeg6
RealTimeSTT: torio._extension.utils - DEBUG - Failed to load FFmpeg6 extension.
Traceback (most recent call last):
  File "D:\Softwares\Anaconda\envs\dev\lib\site-packages\torio\_extension\utils.py", line 116, in _find_ffmpeg_extension
    ext = _find_versionsed_ffmpeg_extension(ffmpeg_ver)
  File "D:\Softwares\Anaconda\envs\dev\lib\site-packages\torio\_extension\utils.py", line 108, in _find_versionsed_ffmpeg_extension
    _load_lib(lib)
  File "D:\Softwares\Anaconda\envs\dev\lib\site-packages\torio\_extension\utils.py", line 94, in _load_lib
    torch.ops.load_library(path)
  File "D:\Softwares\Anaconda\envs\dev\lib\site-packages\torch\_ops.py", line 1032, in load_library
    ctypes.CDLL(path)
  File "D:\Softwares\Anaconda\envs\dev\lib\ctypes\__init__.py", line 374, in __init__
    self._handle = _dlopen(self._name, mode)
FileNotFoundError: Could not find module 'D:\Softwares\Anaconda\envs\dev\Lib\site-packages\torio\lib\libtorio_ffmpeg6.pyd' (or one of its dependencies). Try using the full path with constructor syntax.
RealTimeSTT: torio._extension.utils - DEBUG - Loading FFmpeg5
RealTimeSTT: torio._extension.utils - DEBUG - Failed to load FFmpeg5 extension.
Traceback (most recent call last):
  File "D:\Softwares\Anaconda\envs\dev\lib\site-packages\torio\_extension\utils.py", line 116, in _find_ffmpeg_extension
    ext = _find_versionsed_ffmpeg_extension(ffmpeg_ver)
  File "D:\Softwares\Anaconda\envs\dev\lib\site-packages\torio\_extension\utils.py", line 108, in _find_versionsed_ffmpeg_extension
    _load_lib(lib)
  File "D:\Softwares\Anaconda\envs\dev\lib\site-packages\torio\_extension\utils.py", line 94, in _load_lib
    torch.ops.load_library(path)
  File "D:\Softwares\Anaconda\envs\dev\lib\site-packages\torch\_ops.py", line 1032, in load_library
    ctypes.CDLL(path)
  File "D:\Softwares\Anaconda\envs\dev\lib\ctypes\__init__.py", line 374, in __init__
    self._handle = _dlopen(self._name, mode)
FileNotFoundError: Could not find module 'D:\Softwares\Anaconda\envs\dev\Lib\site-packages\torio\lib\libtorio_ffmpeg5.pyd' (or one of its dependencies). Try using the full path with constructor syntax.
RealTimeSTT: torio._extension.utils - DEBUG - Loading FFmpeg4
RealTimeSTT: torio._extension.utils - DEBUG - Failed to load FFmpeg4 extension.
Traceback (most recent call last):
  File "D:\Softwares\Anaconda\envs\dev\lib\site-packages\torio\_extension\utils.py", line 116, in _find_ffmpeg_extension
    ext = _find_versionsed_ffmpeg_extension(ffmpeg_ver)
  File "D:\Softwares\Anaconda\envs\dev\lib\site-packages\torio\_extension\utils.py", line 108, in _find_versionsed_ffmpeg_extension
    _load_lib(lib)
  File "D:\Softwares\Anaconda\envs\dev\lib\site-packages\torio\_extension\utils.py", line 94, in _load_lib
    torch.ops.load_library(path)
  File "D:\Softwares\Anaconda\envs\dev\lib\site-packages\torch\_ops.py", line 1032, in load_library
    ctypes.CDLL(path)
  File "D:\Softwares\Anaconda\envs\dev\lib\ctypes\__init__.py", line 374, in __init__
    self._handle = _dlopen(self._name, mode)
FileNotFoundError: Could not find module 'D:\Softwares\Anaconda\envs\dev\Lib\site-packages\torio\lib\libtorio_ffmpeg4.pyd' (or one of its dependencies). Try using the full path with constructor syntax.
RealTimeSTT: torio._extension.utils - DEBUG - Loading FFmpeg
RealTimeSTT: torio._extension.utils - DEBUG - Failed to load FFmpeg extension.
Traceback (most recent call last):
  File "D:\Softwares\Anaconda\envs\dev\lib\site-packages\torio\_extension\utils.py", line 116, in _find_ffmpeg_extension
    ext = _find_versionsed_ffmpeg_extension(ffmpeg_ver)
  File "D:\Softwares\Anaconda\envs\dev\lib\site-packages\torio\_extension\utils.py", line 106, in _find_versionsed_ffmpeg_extension
    raise RuntimeError(f"FFmpeg{version} extension is not available.")
RuntimeError: FFmpeg extension is not available.
RealTimeSTT: root - DEBUG - Silero VAD voice activity detection engine initialized successfully
RealTimeSTT: root - DEBUG - Starting recording worker
RealTimeSTT: root - DEBUG - Starting realtime worker
RealTimeSTT: root - DEBUG - Waiting for main transcription model to start
RealTimeSTT: root - DEBUG - Main transcription model ready
RealTimeSTT: root - DEBUG - RealtimeSTT initialization completed successfully
RealTimeSTT: root - ERROR - Error initializing openwakeword wake word detection engine: Could not find pretrained model for model name 'suh_man_tuh.onnx'
Traceback (most recent call last):
  File "D:\Softwares\Anaconda\envs\dev\lib\site-packages\RealtimeSTT\audio_recorder.py", line 570, in __init__
    self.owwModel = Model(
  File "D:\Softwares\Anaconda\envs\dev\lib\site-packages\openwakeword\utils.py", line 686, in wrapped
    return func(*args, **new_kwargs)
  File "D:\Softwares\Anaconda\envs\dev\lib\site-packages\openwakeword\model.py", line 97, in __init__
    raise ValueError("Could not find pretrained model for model name '{}'".format(i))
ValueError: Could not find pretrained model for model name 'suh_man_tuh.onnx'
RealTimeSTT: root - ERROR - Error initializing openwakeword wake word detection engine: Could not find pretrained model for model name 'suh_man_tuh.onnx'
Traceback (most recent call last):
  File "D:\Softwares\Anaconda\envs\dev\lib\site-packages\RealtimeSTT\audio_recorder.py", line 570, in __init__
    self.owwModel = Model(
  File "D:\Softwares\Anaconda\envs\dev\lib\site-packages\openwakeword\utils.py", line 686, in wrapped
    return func(*args, **new_kwargs)
  File "D:\Softwares\Anaconda\envs\dev\lib\site-packages\openwakeword\model.py", line 97, in __init__
    raise ValueError("Could not find pretrained model for model name '{}'".format(i))
ValueError: Could not find pretrained model for model name 'suh_man_tuh.onnx'
RealTimeSTT: root - ERROR - Unhandled exeption in _realtime_worker: max() arg is an empty sequence
RealTimeSTT: root - ERROR - Unhandled exeption in _realtime_worker: max() arg is an empty sequence
RealTimeSTT: root - ERROR - Unhandled exeption in _realtime_worker: max() arg is an empty sequence
RealTimeSTT: root - ERROR - Unhandled exeption in _realtime_worker: max() arg is an empty sequence
RealTimeSTT: root - ERROR - Unhandled exeption in _realtime_worker: max() arg is an empty sequence
RealTimeSTT: root - ERROR - Unhandled exeption in _realtime_worker: max() arg is an empty sequence
RealTimeSTT: root - ERROR - Unhandled exeption in _realtime_worker: max() arg is an empty sequence
RealTimeSTT: root - ERROR - Unhandled exeption in _realtime_worker: max() arg is an empty sequence
RealTimeSTT: root - ERROR - Unhandled exeption in _realtime_worker: max() arg is an empty sequence
RealTimeSTT: root - ERROR - Unhandled exeption in _realtime_worker: max() arg is an empty sequence
RealTimeSTT: root - ERROR - Unhandled exeption in _realtime_worker: max() arg is an empty sequence
RealTimeSTT: root - ERROR - Unhandled exeption in _realtime_worker: max() arg is an empty sequence
RealTimeSTT: root - ERROR - Unhandled exeption in _realtime_worker: max() arg is an empty sequence
RealTimeSTT: root - ERROR - Unhandled exeption in _realtime_worker: max() arg is an empty sequence
RealTimeSTT: root - ERROR - Unhandled exeption in _realtime_worker: max() arg is an empty sequence
RealTimeSTT: root - ERROR - Unhandled exeption in _realtime_worker: max() arg is an empty sequence
RealTimeSTT: root - ERROR - Unhandled exeption in _realtime_worker: max() arg is an empty sequence
RealTimeSTT: root - ERROR - Unhandled exeption in _realtime_worker: max() arg is an empty sequence
RealTimeSTT: root - ERROR - Unhandled exeption in _realtime_worker: max() arg is an empty sequence
RealTimeSTT: root - ERROR - Unhandled exeption in _realtime_worker: max() arg is an empty sequence
RealTimeSTT: root - ERROR - Unhandled exeption in _realtime_worker: max() arg is an empty sequence
RealTimeSTT: root - WARNING - Audio queue size exceeds latency limit. Current size: 11. Discarding old audio chunks.
RealTimeSTT: root - WARNING - Audio queue size exceeds latency limit. Current size: 11. Discarding old audio chunks.
RealTimeSTT: root - WARNING - Audio queue size exceeds latency limit. Current size: 12. Discarding old audio chunks.
RealTimeSTT: root - ERROR - Unhandled exeption in _realtime_worker: max() arg is an empty sequence
RealTimeSTT: root - ERROR - Unhandled exeption in _realtime_worker: max() arg is an empty sequence
RealTimeSTT: root - ERROR - Unhandled exeption in _realtime_worker: max() arg is an empty sequence
RealTimeSTT: root - ERROR - Unhandled exeption in _realtime_worker: max() arg is an empty sequence
RealTimeSTT: root - WARNING - Audio queue size exceeds latency limit. Current size: 12. Discarding old audio chunks.
RealTimeSTT: root - ERROR - Unhandled exeption in _realtime_worker: max() arg is an empty sequence
RealTimeSTT: root - WARNING - Audio queue size exceeds latency limit. Current size: 25. Discarding old audio chunks.
RealTimeSTT: root - ERROR - Error initializing Silero VAD voice activity detection engine: Remote end closed connection without response
Traceback (most recent call last):
  File "D:\Softwares\Anaconda\envs\dev\lib\site-packages\RealtimeSTT\audio_recorder.py", line 629, in __init__
    self.silero_vad_model, _ = torch.hub.load(
  File "D:\Softwares\Anaconda\envs\dev\lib\site-packages\torch\hub.py", line 565, in load
    repo_or_dir = _get_cache_or_reload(repo_or_dir, force_reload, trust_repo, "load",
  File "D:\Softwares\Anaconda\envs\dev\lib\site-packages\torch\hub.py", line 206, in _get_cache_or_reload
    repo_owner, repo_name, ref = _parse_repo_info(github)
  File "D:\Softwares\Anaconda\envs\dev\lib\site-packages\torch\hub.py", line 150, in _parse_repo_info
    with urlopen(f"https://github.com/{repo_owner}/{repo_name}/tree/main/"):
  File "D:\Softwares\Anaconda\envs\dev\lib\urllib\request.py", line 214, in urlopen
    return opener.open(url, data, timeout)
  File "D:\Softwares\Anaconda\envs\dev\lib\urllib\request.py", line 517, in open
    response = self._open(req, data)
  File "D:\Softwares\Anaconda\envs\dev\lib\urllib\request.py", line 534, in _open
    result = self._call_chain(self.handle_open, protocol, protocol +
  File "D:\Softwares\Anaconda\envs\dev\lib\urllib\request.py", line 494, in _call_chain
    result = func(*args)
  File "D:\Softwares\Anaconda\envs\dev\lib\urllib\request.py", line 1389, in https_open
    return self.do_open(http.client.HTTPSConnection, req,
  File "D:\Softwares\Anaconda\envs\dev\lib\urllib\request.py", line 1350, in do_open
    r = h.getresponse()
  File "D:\Softwares\Anaconda\envs\dev\lib\http\client.py", line 1377, in getresponse
    response.begin()
  File "D:\Softwares\Anaconda\envs\dev\lib\http\client.py", line 320, in begin
    version, status, reason = self._read_status()
  File "D:\Softwares\Anaconda\envs\dev\lib\http\client.py", line 289, in _read_status
    raise RemoteDisconnected("Remote end closed connection without"
http.client.RemoteDisconnected: Remote end closed connection without response
RealTimeSTT: root - WARNING - Audio queue size exceeds latency limit. Current size: 173. Discarding old audio chunks.
RealTimeSTT: faster_whisper - WARNING - An error occured while synchronizing the model Systran/faster-whisper-base from the Hugging Face Hub:
(MaxRetryError("HTTPSConnectionPool(host='huggingface.co', port=443): Max retries exceeded with url: /api/models/Systran/faster-whisper-base/revision/main (Caused by SSLError(SSLZeroReturnError(6, 'TLS/SSL connection has been closed (EOF) (_ssl.c:1133)')))"), '(Request ID: 6fa34a0d-012c-44d8-a791-1af025d703b6)')
RealTimeSTT: faster_whisper - WARNING - Trying to load the model directly from the local cache, if it exists.
RealTimeSTT: root - WARNING - Audio queue size exceeds latency limit. Current size: 1073. Discarding old audio chunks.
RealTimeSTT: root - ERROR - Unhandled exeption in _realtime_worker: max() arg is an empty sequence
RealTimeSTT: root - ERROR - Unhandled exeption in _realtime_worker: max() arg is an empty sequence
RealTimeSTT: root - ERROR - Unhandled exeption in _realtime_worker: max() arg is an empty sequence
RealTimeSTT: root - ERROR - Unhandled exeption in _realtime_worker: max() arg is an empty sequence
RealTimeSTT: root - ERROR - Unhandled exeption in _realtime_worker: max() arg is an empty sequence
RealTimeSTT: root - WARNING - Audio queue size exceeds latency limit. Current size: 38. Discarding old audio chunks.
RealTimeSTT: root - ERROR - Unhandled exeption in _realtime_worker: max() arg is an empty sequence
RealTimeSTT: root - ERROR - Unhandled exeption in _realtime_worker: max() arg is an empty sequence
RealTimeSTT: root - ERROR - Unhandled exeption in _realtime_worker: max() arg is an empty sequence
RealTimeSTT: root - ERROR - Unhandled exeption in _realtime_worker: max() arg is an empty sequence
RealTimeSTT: root - ERROR - Unhandled exeption in _realtime_worker: max() arg is an empty sequence
RealTimeSTT: root - WARNING - Audio queue size exceeds latency limit. Current size: 12. Discarding old audio chunks.
RealTimeSTT: root - ERROR - Unhandled exeption in _realtime_worker: max() arg is an empty sequence
RealTimeSTT: root - WARNING - Audio queue size exceeds latency limit. Current size: 12. Discarding old audio chunks.
RealTimeSTT: root - ERROR - Unhandled exeption in _realtime_worker: max() arg is an empty sequence
RealTimeSTT: root - WARNING - Audio queue size exceeds latency limit. Current size: 12. Discarding old audio chunks.
2024-10-15 22:25:06.171 - RealTimeSTT: root - INFO - Starting RealTimeSTT
2024-10-15 22:25:06.197 - RealTimeSTT: root - INFO - Initializing audio recording (creating pyAudio input stream, sample rate: 16000 buffer size: 512
2024-10-15 22:25:06.203 - RealTimeSTT: root - INFO - Initializing faster_whisper realtime transcription model base
2024-10-15 22:25:06.403 - RealTimeSTT: urllib3.connectionpool - DEBUG - Starting new HTTPS connection (1): huggingface.co:443
2024-10-15 22:25:06.969 - RealTimeSTT: urllib3.connectionpool - DEBUG - https://huggingface.co:443 "GET /api/models/Systran/faster-whisper-base/revision/main HTTP/11" 200 1848
2024-10-15 22:25:07.425 - RealTimeSTT: root - DEBUG - Faster_whisper realtime speech to text transcription model initialized successfully
2024-10-15 22:25:07.425 - RealTimeSTT: root - INFO - Initializing WebRTC voice with Sensitivity 3
2024-10-15 22:25:07.425 - RealTimeSTT: root - DEBUG - WebRTC VAD voice activity detection engine initialized successfully
2024-10-15 22:25:07.924 - RealTimeSTT: torio._extension.utils - DEBUG - Loading FFmpeg6
2024-10-15 22:25:07.926 - RealTimeSTT: torio._extension.utils - DEBUG - Failed to load FFmpeg6 extension.
Traceback (most recent call last):
  File "D:\Softwares\Anaconda\envs\GG_2526\lib\site-packages\torio\_extension\utils.py", line 116, in _find_ffmpeg_extension
    ext = _find_versionsed_ffmpeg_extension(ffmpeg_ver)
  File "D:\Softwares\Anaconda\envs\GG_2526\lib\site-packages\torio\_extension\utils.py", line 108, in _find_versionsed_ffmpeg_extension
    _load_lib(lib)
  File "D:\Softwares\Anaconda\envs\GG_2526\lib\site-packages\torio\_extension\utils.py", line 94, in _load_lib
    torch.ops.load_library(path)
  File "D:\Softwares\Anaconda\envs\GG_2526\lib\site-packages\torch\_ops.py", line 1032, in load_library
    ctypes.CDLL(path)
  File "D:\Softwares\Anaconda\envs\GG_2526\lib\ctypes\__init__.py", line 374, in __init__
    self._handle = _dlopen(self._name, mode)
FileNotFoundError: Could not find module 'D:\Softwares\Anaconda\envs\GG_2526\Lib\site-packages\torio\lib\libtorio_ffmpeg6.pyd' (or one of its dependencies). Try using the full path with constructor syntax.
2024-10-15 22:25:07.927 - RealTimeSTT: torio._extension.utils - DEBUG - Loading FFmpeg5
2024-10-15 22:25:07.928 - RealTimeSTT: torio._extension.utils - DEBUG - Failed to load FFmpeg5 extension.
Traceback (most recent call last):
  File "D:\Softwares\Anaconda\envs\GG_2526\lib\site-packages\torio\_extension\utils.py", line 116, in _find_ffmpeg_extension
    ext = _find_versionsed_ffmpeg_extension(ffmpeg_ver)
  File "D:\Softwares\Anaconda\envs\GG_2526\lib\site-packages\torio\_extension\utils.py", line 108, in _find_versionsed_ffmpeg_extension
    _load_lib(lib)
  File "D:\Softwares\Anaconda\envs\GG_2526\lib\site-packages\torio\_extension\utils.py", line 94, in _load_lib
    torch.ops.load_library(path)
  File "D:\Softwares\Anaconda\envs\GG_2526\lib\site-packages\torch\_ops.py", line 1032, in load_library
    ctypes.CDLL(path)
  File "D:\Softwares\Anaconda\envs\GG_2526\lib\ctypes\__init__.py", line 374, in __init__
    self._handle = _dlopen(self._name, mode)
FileNotFoundError: Could not find module 'D:\Softwares\Anaconda\envs\GG_2526\Lib\site-packages\torio\lib\libtorio_ffmpeg5.pyd' (or one of its dependencies). Try using the full path with constructor syntax.
2024-10-15 22:25:07.928 - RealTimeSTT: torio._extension.utils - DEBUG - Loading FFmpeg4
2024-10-15 22:25:07.929 - RealTimeSTT: torio._extension.utils - DEBUG - Failed to load FFmpeg4 extension.
Traceback (most recent call last):
  File "D:\Softwares\Anaconda\envs\GG_2526\lib\site-packages\torio\_extension\utils.py", line 116, in _find_ffmpeg_extension
    ext = _find_versionsed_ffmpeg_extension(ffmpeg_ver)
  File "D:\Softwares\Anaconda\envs\GG_2526\lib\site-packages\torio\_extension\utils.py", line 108, in _find_versionsed_ffmpeg_extension
    _load_lib(lib)
  File "D:\Softwares\Anaconda\envs\GG_2526\lib\site-packages\torio\_extension\utils.py", line 94, in _load_lib
    torch.ops.load_library(path)
  File "D:\Softwares\Anaconda\envs\GG_2526\lib\site-packages\torch\_ops.py", line 1032, in load_library
    ctypes.CDLL(path)
  File "D:\Softwares\Anaconda\envs\GG_2526\lib\ctypes\__init__.py", line 374, in __init__
    self._handle = _dlopen(self._name, mode)
FileNotFoundError: Could not find module 'D:\Softwares\Anaconda\envs\GG_2526\Lib\site-packages\torio\lib\libtorio_ffmpeg4.pyd' (or one of its dependencies). Try using the full path with constructor syntax.
2024-10-15 22:25:07.929 - RealTimeSTT: torio._extension.utils - DEBUG - Loading FFmpeg
2024-10-15 22:25:07.929 - RealTimeSTT: torio._extension.utils - DEBUG - Failed to load FFmpeg extension.
Traceback (most recent call last):
  File "D:\Softwares\Anaconda\envs\GG_2526\lib\site-packages\torio\_extension\utils.py", line 116, in _find_ffmpeg_extension
    ext = _find_versionsed_ffmpeg_extension(ffmpeg_ver)
  File "D:\Softwares\Anaconda\envs\GG_2526\lib\site-packages\torio\_extension\utils.py", line 106, in _find_versionsed_ffmpeg_extension
    raise RuntimeError(f"FFmpeg{version} extension is not available.")
RuntimeError: FFmpeg extension is not available.
2024-10-15 22:25:08.129 - RealTimeSTT: root - DEBUG - Silero VAD voice activity detection engine initialized successfully
2024-10-15 22:25:08.131 - RealTimeSTT: root - DEBUG - Starting realtime worker
2024-10-15 22:25:08.131 - RealTimeSTT: root - DEBUG - Waiting for main transcription model to start
2024-10-15 22:25:11.587 - RealTimeSTT: root - DEBUG - Main transcription model ready
2024-10-15 22:25:11.588 - RealTimeSTT: root - DEBUG - RealtimeSTT initialization completed successfully
2024-10-15 22:25:11.604 - RealTimeSTT: root - INFO - Setting listen time
2024-10-15 22:25:11.605 - RealTimeSTT: root - INFO - State changed from 'inactive' to 'listening'
2024-10-15 22:25:11.605 - RealTimeSTT: root - DEBUG - Waiting for recording start
2024-10-15 22:25:11.853 - RealTimeSTT: root - INFO - voice activity detected
2024-10-15 22:25:11.853 - RealTimeSTT: root - INFO - recording started
2024-10-15 22:25:11.853 - RealTimeSTT: root - INFO - State changed from 'listening' to 'recording'
2024-10-15 22:25:11.853 - RealTimeSTT: root - DEBUG - Waiting for recording stop
2024-10-15 22:25:11.957 - RealTimeSTT: root - DEBUG - Current realtime buffer size: 15360
2024-10-15 22:25:11.957 - RealTimeSTT: faster_whisper - INFO - Processing audio with duration 00:00.960
2024-10-15 22:25:12.598 - RealTimeSTT: faster_whisper - INFO - Detected language 'en' with probability 0.84
2024-10-15 22:25:12.600 - RealTimeSTT: faster_whisper - DEBUG - Processing segment at 00:00.000
2024-10-15 22:25:12.754 - RealTimeSTT: root - DEBUG - Realtime text detected:  Thank you very much.
2024-10-15 22:25:12.866 - RealTimeSTT: root - DEBUG - Current realtime buffer size: 29696
2024-10-15 22:25:12.866 - RealTimeSTT: faster_whisper - INFO - Processing audio with duration 00:01.856
2024-10-15 22:25:13.233 - RealTimeSTT: faster_whisper - INFO - Detected language 'en' with probability 0.83
2024-10-15 22:25:13.233 - RealTimeSTT: faster_whisper - DEBUG - Processing segment at 00:00.000
2024-10-15 22:25:13.391 - RealTimeSTT: root - DEBUG - Realtime text detected:  Make it in a really good gesture.
2024-10-15 22:25:13.502 - RealTimeSTT: root - DEBUG - Current realtime buffer size: 39936
2024-10-15 22:25:13.502 - RealTimeSTT: faster_whisper - INFO - Processing audio with duration 00:02.496
2024-10-15 22:25:13.868 - RealTimeSTT: faster_whisper - INFO - Detected language 'ml' with probability 0.52
2024-10-15 22:25:13.869 - RealTimeSTT: faster_whisper - DEBUG - Processing segment at 00:00.000
2024-10-15 22:25:13.959 - RealTimeSTT: faster_whisper - DEBUG - Log probability threshold is not met with temperature 0.0 (-2.076563 < -1.000000)
2024-10-15 22:25:14.056 - RealTimeSTT: faster_whisper - DEBUG - Log probability threshold is not met with temperature 0.2 (-1.889923 < -1.000000)
2024-10-15 22:25:14.150 - RealTimeSTT: faster_whisper - DEBUG - Log probability threshold is not met with temperature 0.4 (-1.970367 < -1.000000)
2024-10-15 22:25:14.310 - RealTimeSTT: faster_whisper - DEBUG - Log probability threshold is not met with temperature 0.6 (-1.236058 < -1.000000)
2024-10-15 22:25:14.422 - RealTimeSTT: faster_whisper - DEBUG - Log probability threshold is not met with temperature 0.8 (-2.150708 < -1.000000)
2024-10-15 22:25:14.601 - RealTimeSTT: faster_whisper - DEBUG - Log probability threshold is not met with temperature 1.0 (-3.285907 < -1.000000)
2024-10-15 22:25:14.602 - RealTimeSTT: faster_whisper - DEBUG - Reset prompt. prompt_reset_on_temperature threshold is met 1.000000 > 0.500000
2024-10-15 22:25:14.602 - RealTimeSTT: root - DEBUG - Realtime text detected:  ng  m  m  m  m
2024-10-15 22:25:14.606 - RealTimeSTT: root - INFO - recording stopped
2024-10-15 22:25:14.606 - RealTimeSTT: root - INFO - State changed from 'recording' to 'listening'
2024-10-15 22:25:14.606 - RealTimeSTT: root - INFO - State changed from 'listening' to 'inactive'
2024-10-15 22:25:14.606 - RealTimeSTT: root - INFO - State changed from 'inactive' to 'transcribing'
2024-10-15 22:25:14.606 - RealTimeSTT: root - DEBUG - Adding transcription request, no early transcription started
2024-10-15 22:25:14.607 - RealTimeSTT: root - INFO - State changed from 'transcribing' to 'inactive'
2024-10-15 22:25:14.612 - RealTimeSTT: root - DEBUG - Receive from parent_transcription_pipe after sendiung transcription request, transcribe_count: 1
2024-10-15 22:25:15.432 - RealTimeSTT: root - DEBUG - Model base completed transcription in 0.82 seconds
2024-10-15 22:25:15.434 - RealTimeSTT: root - INFO - Setting listen time
2024-10-15 22:25:15.434 - RealTimeSTT: root - INFO - State changed from 'inactive' to 'listening'
2024-10-15 22:25:15.434 - RealTimeSTT: root - DEBUG - Waiting for recording start
2024-10-15 22:25:19.021 - RealTimeSTT: root - INFO - voice activity detected
2024-10-15 22:25:19.021 - RealTimeSTT: root - INFO - recording started
2024-10-15 22:25:19.021 - RealTimeSTT: root - INFO - State changed from 'listening' to 'recording'
2024-10-15 22:25:19.021 - RealTimeSTT: root - DEBUG - Waiting for recording stop
2024-10-15 22:25:19.130 - RealTimeSTT: root - DEBUG - Current realtime buffer size: 17920
2024-10-15 22:25:19.130 - RealTimeSTT: faster_whisper - INFO - Processing audio with duration 00:01.120
2024-10-15 22:25:19.782 - RealTimeSTT: faster_whisper - INFO - Detected language 'en' with probability 0.56
2024-10-15 22:25:19.782 - RealTimeSTT: faster_whisper - DEBUG - Processing segment at 00:00.000
2024-10-15 22:25:19.877 - RealTimeSTT: faster_whisper - DEBUG - Log probability threshold is not met with temperature 0.0 (-1.135156 < -1.000000)
2024-10-15 22:25:19.879 - RealTimeSTT: faster_whisper - DEBUG - No speech threshold is met (0.686523 > 0.600000)
2024-10-15 22:25:19.879 - RealTimeSTT: root - DEBUG - Realtime text detected: 
2024-10-15 22:25:19.987 - RealTimeSTT: root - DEBUG - Current realtime buffer size: 32256
2024-10-15 22:25:19.987 - RealTimeSTT: faster_whisper - INFO - Processing audio with duration 00:02.016
2024-10-15 22:25:20.351 - RealTimeSTT: faster_whisper - INFO - Detected language 'hi' with probability 0.26
2024-10-15 22:25:20.352 - RealTimeSTT: faster_whisper - DEBUG - Processing segment at 00:00.000
2024-10-15 22:25:20.758 - RealTimeSTT: root - INFO - recording stopped
2024-10-15 22:25:20.758 - RealTimeSTT: root - INFO - State changed from 'recording' to 'listening'
2024-10-15 22:25:20.758 - RealTimeSTT: root - INFO - State changed from 'listening' to 'inactive'
2024-10-15 22:25:20.759 - RealTimeSTT: root - INFO - State changed from 'inactive' to 'transcribing'
2024-10-15 22:25:20.759 - RealTimeSTT: root - DEBUG - Adding transcription request, no early transcription started
2024-10-15 22:25:20.759 - RealTimeSTT: root - DEBUG - Receive from parent_transcription_pipe after sendiung transcription request, transcribe_count: 1
2024-10-15 22:25:20.813 - RealTimeSTT: root - INFO - State changed from 'transcribing' to 'inactive'
2024-10-15 22:25:21.822 - RealTimeSTT: root - DEBUG - Model base completed transcription in 1.06 seconds
2024-10-15 22:25:21.823 - RealTimeSTT: root - INFO - Setting listen time
2024-10-15 22:25:21.823 - RealTimeSTT: root - INFO - State changed from 'inactive' to 'listening'
2024-10-15 22:25:21.823 - RealTimeSTT: root - DEBUG - Waiting for recording start
2024-10-15 22:25:21.970 - RealTimeSTT: matplotlib - DEBUG - matplotlib data path: D:\Softwares\Anaconda\envs\GG_2526\lib\site-packages\matplotlib\mpl-data
2024-10-15 22:25:21.977 - RealTimeSTT: matplotlib - DEBUG - CONFIGDIR=C:\Users\akash\.matplotlib
2024-10-15 22:25:21.979 - RealTimeSTT: matplotlib - DEBUG - interactive is False
2024-10-15 22:25:21.979 - RealTimeSTT: matplotlib - DEBUG - platform is win32
2024-10-15 22:25:22.040 - RealTimeSTT: matplotlib - DEBUG - CACHEDIR=C:\Users\akash\.matplotlib
2024-10-15 22:25:22.043 - RealTimeSTT: matplotlib.font_manager - DEBUG - Using fontManager instance from C:\Users\akash\.matplotlib\fontlist-v390.json
2024-10-15 22:25:23.483 - RealTimeSTT: faster_whisper - DEBUG - Compression ratio threshold is not met with temperature 0.0 (9.869565 > 2.400000)
2024-10-15 22:25:24.587 - RealTimeSTT: tensorflow - DEBUG - Falling back to TensorFlow client; we recommended you install the Cloud TPU client directly with pip install cloud-tpu-client.
2024-10-15 22:25:24.772 - RealTimeSTT: faster_whisper - DEBUG - Compression ratio threshold is not met with temperature 0.2 (8.941176 > 2.400000)
2024-10-15 22:25:24.901 - RealTimeSTT: h5py._conv - DEBUG - Creating converter from 7 to 5
2024-10-15 22:25:24.901 - RealTimeSTT: h5py._conv - DEBUG - Creating converter from 5 to 7
2024-10-15 22:25:24.901 - RealTimeSTT: h5py._conv - DEBUG - Creating converter from 7 to 5
2024-10-15 22:25:24.901 - RealTimeSTT: h5py._conv - DEBUG - Creating converter from 5 to 7
2024-10-15 22:25:26.100 - RealTimeSTT: faster_whisper - DEBUG - Compression ratio threshold is not met with temperature 0.4 (10.227273 > 2.400000)
2024-10-15 22:25:26.381 - RealTimeSTT: faster_whisper - DEBUG - Log probability threshold is not met with temperature 0.6 (-1.375659 < -1.000000)
2024-10-15 22:25:26.381 - RealTimeSTT: faster_whisper - DEBUG - No speech threshold is met (0.603516 > 0.600000)
2024-10-15 22:25:26.381 - RealTimeSTT: root - DEBUG - Realtime text detected: 
2024-10-15 22:25:28.877 - RealTimeSTT: root - INFO - voice activity detected
2024-10-15 22:25:28.877 - RealTimeSTT: root - INFO - recording started
2024-10-15 22:25:28.878 - RealTimeSTT: root - INFO - State changed from 'listening' to 'recording'
2024-10-15 22:25:28.878 - RealTimeSTT: root - DEBUG - Waiting for recording stop
2024-10-15 22:25:28.992 - RealTimeSTT: root - DEBUG - Current realtime buffer size: 17920
2024-10-15 22:25:28.992 - RealTimeSTT: faster_whisper - INFO - Processing audio with duration 00:01.120
2024-10-15 22:25:29.459 - RealTimeSTT: faster_whisper - INFO - Detected language 'en' with probability 0.77
2024-10-15 22:25:29.459 - RealTimeSTT: faster_whisper - DEBUG - Processing segment at 00:00.000
2024-10-15 22:25:29.586 - RealTimeSTT: root - DEBUG - Realtime text detected:  Thank you.
2024-10-15 22:25:29.702 - RealTimeSTT: root - DEBUG - Current realtime buffer size: 29184
2024-10-15 22:25:29.702 - RealTimeSTT: faster_whisper - INFO - Processing audio with duration 00:01.824
2024-10-15 22:25:29.781 - RealTimeSTT: root - INFO - recording stopped
2024-10-15 22:25:29.781 - RealTimeSTT: root - INFO - State changed from 'recording' to 'listening'
2024-10-15 22:25:29.782 - RealTimeSTT: root - INFO - State changed from 'listening' to 'inactive'
2024-10-15 22:25:29.782 - RealTimeSTT: root - INFO - State changed from 'inactive' to 'transcribing'
2024-10-15 22:25:29.782 - RealTimeSTT: root - DEBUG - Adding transcription request, no early transcription started
2024-10-15 22:25:29.796 - RealTimeSTT: root - DEBUG - Receive from parent_transcription_pipe after sendiung transcription request, transcribe_count: 1
2024-10-15 22:25:29.837 - RealTimeSTT: root - INFO - State changed from 'transcribing' to 'inactive'
2024-10-15 22:25:29.909 - RealTimeSTT: root - INFO - voice activity detected
2024-10-15 22:25:29.909 - RealTimeSTT: root - INFO - recording started
2024-10-15 22:25:29.909 - RealTimeSTT: root - INFO - State changed from 'inactive' to 'recording'
2024-10-15 22:25:30.160 - RealTimeSTT: faster_whisper - INFO - Detected language 'en' with probability 0.63
2024-10-15 22:25:30.161 - RealTimeSTT: faster_whisper - DEBUG - Processing segment at 00:00.000
2024-10-15 22:25:30.386 - RealTimeSTT: faster_whisper - DEBUG - Log probability threshold is not met with temperature 0.0 (-1.105035 < -1.000000)
2024-10-15 22:25:30.386 - RealTimeSTT: faster_whisper - DEBUG - No speech threshold is met (0.610840 > 0.600000)
2024-10-15 22:25:30.386 - RealTimeSTT: root - DEBUG - Realtime text detected: 
2024-10-15 22:25:30.487 - RealTimeSTT: root - DEBUG - Current realtime buffer size: 20480
2024-10-15 22:25:30.487 - RealTimeSTT: faster_whisper - INFO - Processing audio with duration 00:01.280
2024-10-15 22:25:30.971 - RealTimeSTT: faster_whisper - INFO - Detected language 'hi' with probability 0.28
2024-10-15 22:25:30.972 - RealTimeSTT: faster_whisper - DEBUG - Processing segment at 00:00.000
2024-10-15 22:25:31.944 - RealTimeSTT: root - INFO - State changed from 'recording' to 'inactive'
2024-10-15 22:25:31.944 - RealTimeSTT: root - DEBUG - Model base completed transcription in 2.16 seconds
2024-10-15 22:25:31.946 - RealTimeSTT: root - INFO - Setting listen time
2024-10-15 22:25:31.947 - RealTimeSTT: root - DEBUG - Waiting for recording stop
2024-10-15 22:25:32.463 - RealTimeSTT: root - INFO - recording stopped
2024-10-15 22:25:32.463 - RealTimeSTT: root - INFO - State changed from 'inactive' to 'listening'
2024-10-15 22:25:32.464 - RealTimeSTT: root - INFO - State changed from 'listening' to 'inactive'
2024-10-15 22:25:32.464 - RealTimeSTT: root - INFO - State changed from 'inactive' to 'transcribing'
2024-10-15 22:25:32.464 - RealTimeSTT: root - DEBUG - Adding transcription request, no early transcription started
2024-10-15 22:25:32.484 - RealTimeSTT: root - DEBUG - Receive from parent_transcription_pipe after sendiung transcription request, transcribe_count: 1
2024-10-15 22:25:32.525 - RealTimeSTT: root - INFO - State changed from 'transcribing' to 'inactive'
2024-10-15 22:25:33.844 - RealTimeSTT: root - DEBUG - Model base completed transcription in 1.38 seconds
2024-10-15 22:25:33.846 - RealTimeSTT: root - INFO - Setting listen time
2024-10-15 22:25:33.846 - RealTimeSTT: root - INFO - State changed from 'inactive' to 'listening'
2024-10-15 22:25:33.846 - RealTimeSTT: root - DEBUG - Waiting for recording start
2024-10-15 22:25:34.192 - RealTimeSTT: faster_whisper - DEBUG - Compression ratio threshold is not met with temperature 0.0 (11.564103 > 2.400000)
2024-10-15 22:25:35.522 - RealTimeSTT: faster_whisper - DEBUG - Compression ratio threshold is not met with temperature 0.2 (7.061224 > 2.400000)
2024-10-15 22:28:55.046 - RealTimeSTT: root - INFO - Starting RealTimeSTT
2024-10-15 22:28:55.070 - RealTimeSTT: root - INFO - Initializing audio recording (creating pyAudio input stream, sample rate: 16000 buffer size: 512
2024-10-15 22:28:55.077 - RealTimeSTT: root - INFO - Initializing faster_whisper realtime transcription model base
2024-10-15 22:28:55.295 - RealTimeSTT: urllib3.connectionpool - DEBUG - Starting new HTTPS connection (1): huggingface.co:443
2024-10-15 22:28:56.098 - RealTimeSTT: urllib3.connectionpool - DEBUG - https://huggingface.co:443 "GET /api/models/Systran/faster-whisper-base/revision/main HTTP/11" 200 1848
2024-10-15 22:28:56.520 - RealTimeSTT: root - DEBUG - Faster_whisper realtime speech to text transcription model initialized successfully
2024-10-15 22:28:56.520 - RealTimeSTT: root - INFO - Initializing WebRTC voice with Sensitivity 3
2024-10-15 22:28:56.520 - RealTimeSTT: root - DEBUG - WebRTC VAD voice activity detection engine initialized successfully
2024-10-15 22:28:57.032 - RealTimeSTT: torio._extension.utils - DEBUG - Loading FFmpeg6
2024-10-15 22:28:57.034 - RealTimeSTT: torio._extension.utils - DEBUG - Failed to load FFmpeg6 extension.
Traceback (most recent call last):
  File "D:\Softwares\Anaconda\envs\GG_2526\lib\site-packages\torio\_extension\utils.py", line 116, in _find_ffmpeg_extension
    ext = _find_versionsed_ffmpeg_extension(ffmpeg_ver)
  File "D:\Softwares\Anaconda\envs\GG_2526\lib\site-packages\torio\_extension\utils.py", line 108, in _find_versionsed_ffmpeg_extension
    _load_lib(lib)
  File "D:\Softwares\Anaconda\envs\GG_2526\lib\site-packages\torio\_extension\utils.py", line 94, in _load_lib
    torch.ops.load_library(path)
  File "D:\Softwares\Anaconda\envs\GG_2526\lib\site-packages\torch\_ops.py", line 1032, in load_library
    ctypes.CDLL(path)
  File "D:\Softwares\Anaconda\envs\GG_2526\lib\ctypes\__init__.py", line 374, in __init__
    self._handle = _dlopen(self._name, mode)
FileNotFoundError: Could not find module 'D:\Softwares\Anaconda\envs\GG_2526\Lib\site-packages\torio\lib\libtorio_ffmpeg6.pyd' (or one of its dependencies). Try using the full path with constructor syntax.
2024-10-15 22:28:57.036 - RealTimeSTT: torio._extension.utils - DEBUG - Loading FFmpeg5
2024-10-15 22:28:57.037 - RealTimeSTT: torio._extension.utils - DEBUG - Failed to load FFmpeg5 extension.
Traceback (most recent call last):
  File "D:\Softwares\Anaconda\envs\GG_2526\lib\site-packages\torio\_extension\utils.py", line 116, in _find_ffmpeg_extension
    ext = _find_versionsed_ffmpeg_extension(ffmpeg_ver)
  File "D:\Softwares\Anaconda\envs\GG_2526\lib\site-packages\torio\_extension\utils.py", line 108, in _find_versionsed_ffmpeg_extension
    _load_lib(lib)
  File "D:\Softwares\Anaconda\envs\GG_2526\lib\site-packages\torio\_extension\utils.py", line 94, in _load_lib
    torch.ops.load_library(path)
  File "D:\Softwares\Anaconda\envs\GG_2526\lib\site-packages\torch\_ops.py", line 1032, in load_library
    ctypes.CDLL(path)
  File "D:\Softwares\Anaconda\envs\GG_2526\lib\ctypes\__init__.py", line 374, in __init__
    self._handle = _dlopen(self._name, mode)
FileNotFoundError: Could not find module 'D:\Softwares\Anaconda\envs\GG_2526\Lib\site-packages\torio\lib\libtorio_ffmpeg5.pyd' (or one of its dependencies). Try using the full path with constructor syntax.
2024-10-15 22:28:57.038 - RealTimeSTT: torio._extension.utils - DEBUG - Loading FFmpeg4
2024-10-15 22:28:57.039 - RealTimeSTT: torio._extension.utils - DEBUG - Failed to load FFmpeg4 extension.
Traceback (most recent call last):
  File "D:\Softwares\Anaconda\envs\GG_2526\lib\site-packages\torio\_extension\utils.py", line 116, in _find_ffmpeg_extension
    ext = _find_versionsed_ffmpeg_extension(ffmpeg_ver)
  File "D:\Softwares\Anaconda\envs\GG_2526\lib\site-packages\torio\_extension\utils.py", line 108, in _find_versionsed_ffmpeg_extension
    _load_lib(lib)
  File "D:\Softwares\Anaconda\envs\GG_2526\lib\site-packages\torio\_extension\utils.py", line 94, in _load_lib
    torch.ops.load_library(path)
  File "D:\Softwares\Anaconda\envs\GG_2526\lib\site-packages\torch\_ops.py", line 1032, in load_library
    ctypes.CDLL(path)
  File "D:\Softwares\Anaconda\envs\GG_2526\lib\ctypes\__init__.py", line 374, in __init__
    self._handle = _dlopen(self._name, mode)
FileNotFoundError: Could not find module 'D:\Softwares\Anaconda\envs\GG_2526\Lib\site-packages\torio\lib\libtorio_ffmpeg4.pyd' (or one of its dependencies). Try using the full path with constructor syntax.
2024-10-15 22:28:57.039 - RealTimeSTT: torio._extension.utils - DEBUG - Loading FFmpeg
2024-10-15 22:28:57.039 - RealTimeSTT: torio._extension.utils - DEBUG - Failed to load FFmpeg extension.
Traceback (most recent call last):
  File "D:\Softwares\Anaconda\envs\GG_2526\lib\site-packages\torio\_extension\utils.py", line 116, in _find_ffmpeg_extension
    ext = _find_versionsed_ffmpeg_extension(ffmpeg_ver)
  File "D:\Softwares\Anaconda\envs\GG_2526\lib\site-packages\torio\_extension\utils.py", line 106, in _find_versionsed_ffmpeg_extension
    raise RuntimeError(f"FFmpeg{version} extension is not available.")
RuntimeError: FFmpeg extension is not available.
2024-10-15 22:28:57.232 - RealTimeSTT: root - DEBUG - Silero VAD voice activity detection engine initialized successfully
2024-10-15 22:28:57.234 - RealTimeSTT: root - DEBUG - Starting realtime worker
2024-10-15 22:28:57.234 - RealTimeSTT: root - DEBUG - Waiting for main transcription model to start
2024-10-15 22:29:00.382 - RealTimeSTT: root - DEBUG - Main transcription model ready
2024-10-15 22:29:00.382 - RealTimeSTT: root - DEBUG - RealtimeSTT initialization completed successfully
2024-10-15 22:29:00.398 - RealTimeSTT: root - INFO - Setting listen time
2024-10-15 22:29:00.398 - RealTimeSTT: root - INFO - State changed from 'inactive' to 'listening'
2024-10-15 22:29:00.398 - RealTimeSTT: root - DEBUG - Waiting for recording start
2024-10-15 22:29:00.549 - RealTimeSTT: root - INFO - voice activity detected
2024-10-15 22:29:00.549 - RealTimeSTT: root - INFO - recording started
2024-10-15 22:29:00.549 - RealTimeSTT: root - INFO - State changed from 'listening' to 'recording'
2024-10-15 22:29:00.549 - RealTimeSTT: root - DEBUG - Waiting for recording stop
2024-10-15 22:29:00.664 - RealTimeSTT: root - DEBUG - Current realtime buffer size: 15360
2024-10-15 22:29:00.664 - RealTimeSTT: faster_whisper - INFO - Processing audio with duration 00:00.960
2024-10-15 22:29:01.222 - RealTimeSTT: faster_whisper - INFO - Detected language 'en' with probability 0.48
2024-10-15 22:29:01.223 - RealTimeSTT: faster_whisper - DEBUG - Processing segment at 00:00.000
2024-10-15 22:29:01.404 - RealTimeSTT: faster_whisper - DEBUG - Log probability threshold is not met with temperature 0.0 (-1.409801 < -1.000000)
2024-10-15 22:29:01.404 - RealTimeSTT: faster_whisper - DEBUG - No speech threshold is met (0.603027 > 0.600000)
2024-10-15 22:29:01.404 - RealTimeSTT: root - DEBUG - Realtime text detected: 
2024-10-15 22:29:01.505 - RealTimeSTT: root - DEBUG - Current realtime buffer size: 28672
2024-10-15 22:29:01.505 - RealTimeSTT: faster_whisper - INFO - Processing audio with duration 00:01.792
2024-10-15 22:29:01.872 - RealTimeSTT: faster_whisper - INFO - Detected language 'hi' with probability 0.90
2024-10-15 22:29:01.873 - RealTimeSTT: faster_whisper - DEBUG - Processing segment at 00:00.000
2024-10-15 22:29:02.265 - RealTimeSTT: root - DEBUG - Current realtime buffer size: 40960
2024-10-15 22:29:02.265 - RealTimeSTT: faster_whisper - INFO - Processing audio with duration 00:02.560
2024-10-15 22:29:02.634 - RealTimeSTT: faster_whisper - INFO - Detected language 'hi' with probability 0.84
2024-10-15 22:29:02.634 - RealTimeSTT: faster_whisper - DEBUG - Processing segment at 00:00.000
2024-10-15 22:29:04.709 - RealTimeSTT: faster_whisper - DEBUG - Compression ratio threshold is not met with temperature 0.0 (6.305556 > 2.400000)
2024-10-15 22:29:05.116 - RealTimeSTT: root - DEBUG - Current realtime buffer size: 87040
2024-10-15 22:29:05.116 - RealTimeSTT: faster_whisper - INFO - Processing audio with duration 00:05.440
2024-10-15 22:29:05.487 - RealTimeSTT: faster_whisper - INFO - Detected language 'hi' with probability 0.93
2024-10-15 22:29:05.487 - RealTimeSTT: faster_whisper - DEBUG - Processing segment at 00:00.000
2024-10-15 22:29:05.998 - RealTimeSTT: root - INFO - recording stopped
2024-10-15 22:29:05.998 - RealTimeSTT: root - INFO - State changed from 'recording' to 'listening'
2024-10-15 22:29:05.998 - RealTimeSTT: root - INFO - State changed from 'listening' to 'inactive'
2024-10-15 22:29:05.999 - RealTimeSTT: root - INFO - State changed from 'inactive' to 'transcribing'
2024-10-15 22:29:05.999 - RealTimeSTT: root - DEBUG - Adding transcription request, no early transcription started
2024-10-15 22:29:05.999 - RealTimeSTT: root - DEBUG - Receive from parent_transcription_pipe after sendiung transcription request, transcribe_count: 1
2024-10-15 22:29:06.052 - RealTimeSTT: root - INFO - State changed from 'transcribing' to 'inactive'
2024-10-15 22:29:09.060 - RealTimeSTT: root - INFO - voice activity detected
2024-10-15 22:29:09.060 - RealTimeSTT: root - INFO - recording started
2024-10-15 22:29:09.060 - RealTimeSTT: root - INFO - State changed from 'inactive' to 'recording'
2024-10-15 22:29:09.426 - RealTimeSTT: faster_whisper - DEBUG - Compression ratio threshold is not met with temperature 0.0 (7.824324 > 2.400000)
2024-10-15 22:29:13.162 - RealTimeSTT: root - INFO - State changed from 'recording' to 'inactive'
2024-10-15 22:29:13.163 - RealTimeSTT: root - DEBUG - Model base completed transcription in 7.16 seconds
2024-10-15 22:29:13.164 - RealTimeSTT: root - INFO - Setting listen time
2024-10-15 22:29:13.164 - RealTimeSTT: root - DEBUG - Waiting for recording stop
2024-10-15 22:29:13.338 - RealTimeSTT: faster_whisper - DEBUG - Compression ratio threshold is not met with temperature 0.2 (19.931034 > 2.400000)
2024-10-15 22:29:14.190 - RealTimeSTT: root - INFO - recording stopped
2024-10-15 22:29:14.190 - RealTimeSTT: root - INFO - State changed from 'inactive' to 'listening'
2024-10-15 22:29:14.190 - RealTimeSTT: root - INFO - State changed from 'listening' to 'inactive'
2024-10-15 22:29:14.190 - RealTimeSTT: root - INFO - State changed from 'inactive' to 'transcribing'
2024-10-15 22:29:14.191 - RealTimeSTT: root - DEBUG - Adding transcription request, no early transcription started
2024-10-15 22:29:14.201 - RealTimeSTT: root - DEBUG - Receive from parent_transcription_pipe after sendiung transcription request, transcribe_count: 1
2024-10-15 22:29:14.253 - RealTimeSTT: root - INFO - State changed from 'transcribing' to 'inactive'
2024-10-15 22:29:15.392 - RealTimeSTT: faster_whisper - DEBUG - Compression ratio threshold is not met with temperature 0.4 (5.922078 > 2.400000)
2024-10-15 22:29:15.800 - RealTimeSTT: root - DEBUG - Model base completed transcription in 1.61 seconds
2024-10-15 22:29:15.801 - RealTimeSTT: root - INFO - Setting listen time
2024-10-15 22:29:15.801 - RealTimeSTT: root - INFO - State changed from 'inactive' to 'listening'
2024-10-15 22:29:15.801 - RealTimeSTT: root - DEBUG - Waiting for recording start
2024-10-15 22:29:16.942 - RealTimeSTT: faster_whisper - DEBUG - Compression ratio threshold is not met with temperature 0.6 (5.240741 > 2.400000)
2024-10-15 22:29:17.736 - RealTimeSTT: faster_whisper - DEBUG - Log probability threshold is not met with temperature 0.8 (-1.597958 < -1.000000)
2024-10-15 22:29:17.964 - RealTimeSTT: root - INFO - voice activity detected
2024-10-15 22:29:17.964 - RealTimeSTT: root - INFO - recording started
2024-10-15 22:29:17.964 - RealTimeSTT: root - INFO - State changed from 'listening' to 'recording'
2024-10-15 22:29:17.964 - RealTimeSTT: root - DEBUG - Waiting for recording stop
2024-10-15 22:29:17.990 - RealTimeSTT: faster_whisper - DEBUG - Log probability threshold is not met with temperature 1.0 (-3.575150 < -1.000000)
2024-10-15 22:29:17.990 - RealTimeSTT: faster_whisper - DEBUG - Reset prompt. prompt_reset_on_temperature threshold is met 1.000000 > 0.500000
2024-10-15 22:29:18.093 - RealTimeSTT: root - DEBUG - Current realtime buffer size: 17920
2024-10-15 22:29:18.093 - RealTimeSTT: faster_whisper - INFO - Processing audio with duration 00:01.120
2024-10-15 22:29:18.458 - RealTimeSTT: faster_whisper - INFO - Detected language 'en' with probability 0.63
2024-10-15 22:29:18.458 - RealTimeSTT: faster_whisper - DEBUG - Processing segment at 00:00.000
2024-10-15 22:29:18.555 - RealTimeSTT: faster_whisper - DEBUG - Log probability threshold is not met with temperature 0.0 (-1.138672 < -1.000000)
2024-10-15 22:29:18.556 - RealTimeSTT: faster_whisper - DEBUG - No speech threshold is met (0.646484 > 0.600000)
2024-10-15 22:29:18.556 - RealTimeSTT: root - DEBUG - Realtime text detected: 
2024-10-15 22:29:18.665 - RealTimeSTT: root - DEBUG - Current realtime buffer size: 28160
2024-10-15 22:29:18.665 - RealTimeSTT: faster_whisper - INFO - Processing audio with duration 00:01.760
2024-10-15 22:29:19.032 - RealTimeSTT: faster_whisper - INFO - Detected language 'tr' with probability 0.46
2024-10-15 22:29:19.032 - RealTimeSTT: faster_whisper - DEBUG - Processing segment at 00:00.000
2024-10-15 22:29:19.155 - RealTimeSTT: faster_whisper - DEBUG - Log probability threshold is not met with temperature 0.0 (-1.119978 < -1.000000)
2024-10-15 22:29:19.155 - RealTimeSTT: faster_whisper - DEBUG - No speech threshold is met (0.619629 > 0.600000)
2024-10-15 22:29:19.155 - RealTimeSTT: root - DEBUG - Realtime text detected: 
2024-10-15 22:29:19.256 - RealTimeSTT: root - DEBUG - Current realtime buffer size: 37376
2024-10-15 22:29:19.256 - RealTimeSTT: faster_whisper - INFO - Processing audio with duration 00:02.336
2024-10-15 22:29:19.621 - RealTimeSTT: root - INFO - recording stopped
2024-10-15 22:29:19.621 - RealTimeSTT: root - INFO - State changed from 'recording' to 'listening'
2024-10-15 22:29:19.621 - RealTimeSTT: root - INFO - State changed from 'listening' to 'inactive'
2024-10-15 22:29:19.621 - RealTimeSTT: root - INFO - State changed from 'inactive' to 'transcribing'
2024-10-15 22:29:19.621 - RealTimeSTT: root - DEBUG - Adding transcription request, no early transcription started
2024-10-15 22:29:19.622 - RealTimeSTT: faster_whisper - INFO - Detected language 'en' with probability 0.19
2024-10-15 22:29:19.622 - RealTimeSTT: root - INFO - State changed from 'transcribing' to 'inactive'
2024-10-15 22:29:19.622 - RealTimeSTT: faster_whisper - DEBUG - Processing segment at 00:00.000
2024-10-15 22:29:19.635 - RealTimeSTT: root - DEBUG - Receive from parent_transcription_pipe after sendiung transcription request, transcribe_count: 1
2024-10-15 22:29:19.873 - RealTimeSTT: root - DEBUG - Realtime text detected:  Jarvis Jessus on.
2024-10-15 22:29:20.311 - RealTimeSTT: root - DEBUG - Model base completed transcription in 0.69 seconds
2024-10-15 22:29:20.312 - RealTimeSTT: root - INFO - Setting listen time
2024-10-15 22:29:20.313 - RealTimeSTT: root - INFO - State changed from 'inactive' to 'listening'
2024-10-15 22:29:20.313 - RealTimeSTT: root - DEBUG - Waiting for recording start
2024-10-15 22:29:20.371 - RealTimeSTT: matplotlib - DEBUG - matplotlib data path: D:\Softwares\Anaconda\envs\GG_2526\lib\site-packages\matplotlib\mpl-data
2024-10-15 22:29:20.377 - RealTimeSTT: matplotlib - DEBUG - CONFIGDIR=C:\Users\akash\.matplotlib
2024-10-15 22:29:20.379 - RealTimeSTT: matplotlib - DEBUG - interactive is False
2024-10-15 22:29:20.379 - RealTimeSTT: matplotlib - DEBUG - platform is win32
2024-10-15 22:29:20.423 - RealTimeSTT: matplotlib - DEBUG - CACHEDIR=C:\Users\akash\.matplotlib
2024-10-15 22:29:20.426 - RealTimeSTT: matplotlib.font_manager - DEBUG - Using fontManager instance from C:\Users\akash\.matplotlib\fontlist-v390.json
2024-10-15 22:29:21.542 - RealTimeSTT: tensorflow - DEBUG - Falling back to TensorFlow client; we recommended you install the Cloud TPU client directly with pip install cloud-tpu-client.
2024-10-15 22:29:21.670 - RealTimeSTT: h5py._conv - DEBUG - Creating converter from 7 to 5
2024-10-15 22:29:21.670 - RealTimeSTT: h5py._conv - DEBUG - Creating converter from 5 to 7
2024-10-15 22:29:21.670 - RealTimeSTT: h5py._conv - DEBUG - Creating converter from 7 to 5
2024-10-15 22:29:21.670 - RealTimeSTT: h5py._conv - DEBUG - Creating converter from 5 to 7
2024-10-15 22:29:25.189 - RealTimeSTT: root - INFO - voice activity detected
2024-10-15 22:29:25.189 - RealTimeSTT: root - INFO - recording started
2024-10-15 22:29:25.189 - RealTimeSTT: root - INFO - State changed from 'listening' to 'recording'
2024-10-15 22:29:25.189 - RealTimeSTT: root - DEBUG - Waiting for recording stop
2024-10-15 22:29:25.296 - RealTimeSTT: root - DEBUG - Current realtime buffer size: 17920
2024-10-15 22:29:25.296 - RealTimeSTT: faster_whisper - INFO - Processing audio with duration 00:01.120
2024-10-15 22:29:25.754 - RealTimeSTT: faster_whisper - INFO - Detected language 'en' with probability 0.35
2024-10-15 22:29:25.754 - RealTimeSTT: faster_whisper - DEBUG - Processing segment at 00:00.000
2024-10-15 22:29:25.830 - RealTimeSTT: root - INFO - recording stopped
2024-10-15 22:29:25.830 - RealTimeSTT: root - INFO - State changed from 'recording' to 'listening'
2024-10-15 22:29:25.830 - RealTimeSTT: root - INFO - State changed from 'listening' to 'inactive'
2024-10-15 22:29:25.830 - RealTimeSTT: root - INFO - State changed from 'inactive' to 'transcribing'
2024-10-15 22:29:25.831 - RealTimeSTT: root - INFO - State changed from 'transcribing' to 'inactive'
2024-10-15 22:29:25.831 - RealTimeSTT: root - DEBUG - Adding transcription request, no early transcription started
2024-10-15 22:29:25.832 - RealTimeSTT: root - DEBUG - Receive from parent_transcription_pipe after sendiung transcription request, transcribe_count: 1
2024-10-15 22:29:25.850 - RealTimeSTT: faster_whisper - DEBUG - Log probability threshold is not met with temperature 0.0 (-1.119531 < -1.000000)
2024-10-15 22:29:26.072 - RealTimeSTT: faster_whisper - DEBUG - Log probability threshold is not met with temperature 0.2 (-1.118329 < -1.000000)
2024-10-15 22:29:26.345 - RealTimeSTT: faster_whisper - DEBUG - Log probability threshold is not met with temperature 0.4 (-1.118329 < -1.000000)
2024-10-15 22:29:26.651 - RealTimeSTT: faster_whisper - DEBUG - Log probability threshold is not met with temperature 0.6 (-1.118329 < -1.000000)
2024-10-15 22:29:27.809 - RealTimeSTT: urllib3.connectionpool - DEBUG - Starting new HTTP connection (1): 192.168.1.7:8002
2024-10-15 22:29:27.868 - RealTimeSTT: root - INFO - voice activity detected
2024-10-15 22:29:27.868 - RealTimeSTT: root - INFO - recording started
2024-10-15 22:29:27.868 - RealTimeSTT: root - INFO - State changed from 'inactive' to 'recording'
2024-10-15 22:29:27.871 - RealTimeSTT: root - INFO - State changed from 'recording' to 'inactive'
2024-10-15 22:29:27.873 - RealTimeSTT: root - DEBUG - Model base completed transcription in 2.04 seconds
2024-10-15 22:29:27.874 - RealTimeSTT: root - INFO - Setting listen time
2024-10-15 22:29:27.875 - RealTimeSTT: root - DEBUG - Waiting for recording stop
2024-10-15 22:29:28.582 - RealTimeSTT: root - INFO - recording stopped
2024-10-15 22:29:28.582 - RealTimeSTT: root - INFO - State changed from 'inactive' to 'listening'
2024-10-15 22:29:28.582 - RealTimeSTT: root - INFO - State changed from 'listening' to 'inactive'
2024-10-15 22:29:28.582 - RealTimeSTT: root - INFO - State changed from 'inactive' to 'transcribing'
2024-10-15 22:29:28.582 - RealTimeSTT: root - INFO - State changed from 'transcribing' to 'inactive'
2024-10-15 22:29:28.582 - RealTimeSTT: root - DEBUG - Adding transcription request, no early transcription started
2024-10-15 22:29:28.598 - RealTimeSTT: root - DEBUG - Receive from parent_transcription_pipe after sendiung transcription request, transcribe_count: 1
2024-10-15 22:29:28.974 - RealTimeSTT: faster_whisper - DEBUG - Compression ratio threshold is not met with temperature 0.8 (29.800000 > 2.400000)
2024-10-15 22:29:29.472 - RealTimeSTT: faster_whisper - DEBUG - Log probability threshold is not met with temperature 1.0 (-2.616330 < -1.000000)
2024-10-15 22:29:29.472 - RealTimeSTT: faster_whisper - DEBUG - Reset prompt. prompt_reset_on_temperature threshold is met 1.000000 > 0.500000
2024-10-15 22:29:29.472 - RealTimeSTT: root - DEBUG - Realtime text detected:  Nah.
2024-10-15 22:29:29.553 - RealTimeSTT: root - DEBUG - Model base completed transcription in 0.97 seconds
2024-10-15 22:29:29.554 - RealTimeSTT: root - INFO - Setting listen time
2024-10-15 22:29:29.554 - RealTimeSTT: root - INFO - State changed from 'inactive' to 'listening'
2024-10-15 22:29:29.554 - RealTimeSTT: root - DEBUG - Waiting for recording start
2024-10-15 22:29:34.469 - RealTimeSTT: root - INFO - voice activity detected
2024-10-15 22:29:34.469 - RealTimeSTT: root - INFO - recording started
2024-10-15 22:29:34.469 - RealTimeSTT: root - INFO - State changed from 'listening' to 'recording'
2024-10-15 22:29:34.469 - RealTimeSTT: root - DEBUG - Waiting for recording stop
2024-10-15 22:29:34.590 - RealTimeSTT: root - DEBUG - Current realtime buffer size: 18432
2024-10-15 22:29:34.590 - RealTimeSTT: faster_whisper - INFO - Processing audio with duration 00:01.152
2024-10-15 22:29:35.133 - RealTimeSTT: faster_whisper - INFO - Detected language 'en' with probability 0.70
2024-10-15 22:29:35.133 - RealTimeSTT: faster_whisper - DEBUG - Processing segment at 00:00.000
2024-10-15 22:29:35.228 - RealTimeSTT: root - DEBUG - Realtime text detected:  Bye.
2024-10-15 22:29:35.340 - RealTimeSTT: root - DEBUG - Current realtime buffer size: 30208
2024-10-15 22:29:35.340 - RealTimeSTT: faster_whisper - INFO - Processing audio with duration 00:01.888
2024-10-15 22:29:35.707 - RealTimeSTT: faster_whisper - INFO - Detected language 'en' with probability 0.49
2024-10-15 22:29:35.708 - RealTimeSTT: faster_whisper - DEBUG - Processing segment at 00:00.000
2024-10-15 22:29:35.832 - RealTimeSTT: root - DEBUG - Realtime text detected:  Bye, lol.
2024-10-15 22:29:35.941 - RealTimeSTT: root - DEBUG - Current realtime buffer size: 40448
2024-10-15 22:29:35.941 - RealTimeSTT: faster_whisper - INFO - Processing audio with duration 00:02.528
2024-10-15 22:29:36.311 - RealTimeSTT: faster_whisper - INFO - Detected language 'en' with probability 0.35
2024-10-15 22:29:36.311 - RealTimeSTT: faster_whisper - DEBUG - Processing segment at 00:00.000
2024-10-15 22:29:36.485 - RealTimeSTT: faster_whisper - DEBUG - Log probability threshold is not met with temperature 0.0 (-1.500000 < -1.000000)
2024-10-15 22:29:36.486 - RealTimeSTT: faster_whisper - DEBUG - No speech threshold is met (0.736816 > 0.600000)
2024-10-15 22:29:36.486 - RealTimeSTT: root - DEBUG - Realtime text detected: 
2024-10-15 22:29:36.596 - RealTimeSTT: root - DEBUG - Current realtime buffer size: 50688
2024-10-15 22:29:36.596 - RealTimeSTT: faster_whisper - INFO - Processing audio with duration 00:03.168
2024-10-15 22:29:36.971 - RealTimeSTT: faster_whisper - INFO - Detected language 'te' with probability 0.30
2024-10-15 22:29:36.971 - RealTimeSTT: faster_whisper - DEBUG - Processing segment at 00:00.000
2024-10-15 22:29:37.149 - RealTimeSTT: faster_whisper - DEBUG - Log probability threshold is not met with temperature 0.0 (-1.495833 < -1.000000)
2024-10-15 22:29:37.734 - RealTimeSTT: root - INFO - recording stopped
2024-10-15 22:29:37.734 - RealTimeSTT: root - INFO - State changed from 'recording' to 'listening'
2024-10-15 22:29:37.735 - RealTimeSTT: root - INFO - State changed from 'listening' to 'inactive'
2024-10-15 22:29:37.735 - RealTimeSTT: root - INFO - State changed from 'inactive' to 'transcribing'
2024-10-15 22:29:37.735 - RealTimeSTT: root - DEBUG - Adding transcription request, no early transcription started
2024-10-15 22:29:37.743 - RealTimeSTT: root - DEBUG - Receive from parent_transcription_pipe after sendiung transcription request, transcribe_count: 1
2024-10-15 22:29:37.789 - RealTimeSTT: root - INFO - State changed from 'transcribing' to 'inactive'
